<?xml version="1.0" encoding="UTF-8"?>
<testng-results skipped="0" failed="0" ignored="0" total="5" passed="5">
  <reporter-output>
  </reporter-output>
  <suite name="Suite" duration-ms="10977" started-at="2022-10-03T23:26:08 IST" finished-at="2022-10-03T23:26:19 IST">
    <groups>
    </groups>
    <test name="Test" duration-ms="10977" started-at="2022-10-03T23:26:08 IST" finished-at="2022-10-03T23:26:19 IST">
      <class name="testcases.TestCase">
        <test-method status="PASS" signature="setUp()[pri:0, instance:testcases.TestCase@30a3107a]" name="setUp" is-config="true" duration-ms="9730" started-at="2022-10-03T23:26:08 IST" finished-at="2022-10-03T23:26:18 IST">
          <reporter-output>
          </reporter-output>
        </test-method> <!-- setUp -->
        <test-method status="PASS" signature="setUp()[pri:0, instance:testcases.TestCase@30a3107a]" name="setUp" is-config="true" duration-ms="9185" started-at="2022-10-03T23:26:08 IST" finished-at="2022-10-03T23:26:18 IST">
          <reporter-output>
          </reporter-output>
        </test-method> <!-- setUp -->
        <test-method status="PASS" signature="setUp()[pri:0, instance:testcases.TestCase@30a3107a]" name="setUp" is-config="true" duration-ms="10862" started-at="2022-10-03T23:26:08 IST" finished-at="2022-10-03T23:26:19 IST">
          <reporter-output>
          </reporter-output>
        </test-method> <!-- setUp -->
        <test-method status="PASS" signature="setUp()[pri:0, instance:testcases.TestCase@30a3107a]" name="setUp" is-config="true" duration-ms="9252" started-at="2022-10-03T23:26:08 IST" finished-at="2022-10-03T23:26:18 IST">
          <reporter-output>
          </reporter-output>
        </test-method> <!-- setUp -->
        <test-method status="PASS" signature="setUp()[pri:0, instance:testcases.TestCase@30a3107a]" name="setUp" is-config="true" duration-ms="9170" started-at="2022-10-03T23:26:08 IST" finished-at="2022-10-03T23:26:17 IST">
          <reporter-output>
          </reporter-output>
        </test-method> <!-- setUp -->
        <test-method status="PASS" signature="testCase2()[pri:0, instance:testcases.TestCase@30a3107a]" name="testCase2" duration-ms="13" started-at="2022-10-03T23:26:17 IST" finished-at="2022-10-03T23:26:17 IST">
          <reporter-output>
          </reporter-output>
        </test-method> <!-- testCase2 -->
        <test-method status="PASS" signature="testCase3()[pri:0, instance:testcases.TestCase@30a3107a]" name="testCase3" duration-ms="4" started-at="2022-10-03T23:26:18 IST" finished-at="2022-10-03T23:26:18 IST">
          <reporter-output>
          </reporter-output>
        </test-method> <!-- testCase3 -->
        <test-method status="PASS" signature="tearDown()[pri:0, instance:testcases.TestCase@30a3107a]" name="tearDown" is-config="true" duration-ms="104" started-at="2022-10-03T23:26:18 IST" finished-at="2022-10-03T23:26:18 IST">
          <reporter-output>
          </reporter-output>
        </test-method> <!-- tearDown -->
        <test-method status="PASS" signature="tearDown()[pri:0, instance:testcases.TestCase@30a3107a]" name="tearDown" is-config="true" duration-ms="86" started-at="2022-10-03T23:26:18 IST" finished-at="2022-10-03T23:26:18 IST">
          <reporter-output>
          </reporter-output>
        </test-method> <!-- tearDown -->
        <test-method status="PASS" signature="testCase4()[pri:0, instance:testcases.TestCase@30a3107a]" name="testCase4" duration-ms="2" started-at="2022-10-03T23:26:18 IST" finished-at="2022-10-03T23:26:18 IST">
          <reporter-output>
          </reporter-output>
        </test-method> <!-- testCase4 -->
        <test-method status="PASS" signature="tearDown()[pri:0, instance:testcases.TestCase@30a3107a]" name="tearDown" is-config="true" duration-ms="115" started-at="2022-10-03T23:26:18 IST" finished-at="2022-10-03T23:26:18 IST">
          <reporter-output>
          </reporter-output>
        </test-method> <!-- tearDown -->
        <test-method status="PASS" signature="testCase5()[pri:0, instance:testcases.TestCase@30a3107a]" name="testCase5" duration-ms="1" started-at="2022-10-03T23:26:18 IST" finished-at="2022-10-03T23:26:18 IST">
          <reporter-output>
          </reporter-output>
        </test-method> <!-- testCase5 -->
        <test-method status="PASS" signature="tearDown()[pri:0, instance:testcases.TestCase@30a3107a]" name="tearDown" is-config="true" duration-ms="43" started-at="2022-10-03T23:26:18 IST" finished-at="2022-10-03T23:26:18 IST">
          <reporter-output>
          </reporter-output>
        </test-method> <!-- tearDown -->
        <test-method status="PASS" signature="testCase1()[pri:0, instance:testcases.TestCase@30a3107a]" name="testCase1" duration-ms="2" started-at="2022-10-03T23:26:19 IST" finished-at="2022-10-03T23:26:19 IST">
          <reporter-output>
          </reporter-output>
        </test-method> <!-- testCase1 -->
        <test-method status="PASS" signature="tearDown()[pri:0, instance:testcases.TestCase@30a3107a]" name="tearDown" is-config="true" duration-ms="77" started-at="2022-10-03T23:26:19 IST" finished-at="2022-10-03T23:26:19 IST">
          <reporter-output>
          </reporter-output>
        </test-method> <!-- tearDown -->
      </class> <!-- testcases.TestCase -->
    </test> <!-- Test -->
  </suite> <!-- Suite -->
</testng-results>
