<?xml version="1.0" encoding="UTF-8"?>
<!-- Generated by org.testng.reporters.JUnitXMLReporter -->
<testsuite hostname="DESKTOP-N60QB27" ignored="0" name="Test" tests="5" failures="0" timestamp="2022-10-03T23:26:19 IST" time="10.977" errors="0">
  <testcase name="testCase2" time="0.013" classname="testcases.TestCase"/>
  <testcase name="testCase3" time="0.004" classname="testcases.TestCase"/>
  <testcase name="testCase4" time="0.002" classname="testcases.TestCase"/>
  <testcase name="testCase5" time="0.001" classname="testcases.TestCase"/>
  <testcase name="testCase1" time="0.002" classname="testcases.TestCase"/>
</testsuite> <!-- Test -->
